Engine.obj : error LNK2019: unresolved external symbol SDL_PollEvent referenced in function "private: int __cdecl Engine::DoRunLoop(void)" (?DoRunLoop@Engine@@AEAAHXZ)
Engine.obj : error LNK2019: unresolved external symbol SDL_Init referenced in function "protected: __cdecl Engine::Engine(void)" (??0Engine@@IEAA@XZ)
Engine.obj : error LNK2019: unresolved external symbol SDL_Quit referenced in function "public: virtual __cdecl Engine::~Engine(void)" (??1Engine@@UEAA@XZ)
NetworkManager.obj : error LNK2019: unresolved external symbol __imp_htonl referenced in function "public: __cdecl SocketAddress::SocketAddress(unsigned int,unsigned short)" (??0SocketAddress@@QEAA@IG@Z)
NetworkManager.obj : error LNK2019: unresolved external symbol __imp_htons referenced in function "public: __cdecl SocketAddress::SocketAddress(unsigned int,unsigned short)" (??0SocketAddress@@QEAA@IG@Z)
SocketAddress.obj : error LNK2019: unresolved external symbol __imp_ntohs referenced in function "public: class std::basic_string<char,struct std::char_traits<char>,class std::allocator<char> > __cdecl SocketAddress::ToString(void)const " (?ToString@SocketAddress@@QEBA?AV?$basic_string@DU?$char_traits@D@std@@V?$allocator@D@2@@std@@XZ)
SocketAddress.obj : error LNK2019: unresolved external symbol inet_ntop referenced in function "public: class std::basic_string<char,struct std::char_traits<char>,class std::allocator<char> > __cdecl SocketAddress::ToString(void)const " (?ToString@SocketAddress@@QEBA?AV?$basic_string@DU?$char_traits@D@std@@V?$allocator@D@2@@std@@XZ)
SocketAddressFactory.obj : error LNK2019: unresolved external symbol __imp_getaddrinfo referenced in function "public: static class std::shared_ptr<class SocketAddress> __cdecl SocketAddressFactory::CreateIPv4FromString(class std::basic_string<char,struct std::char_traits<char>,class std::allocator<char> > const &)" (?CreateIPv4FromString@SocketAddressFactory@@SA?AV?$shared_ptr@VSocketAddress@@@std@@AEBV?$basic_string@DU?$char_traits@D@std@@V?$allocator@D@2@@3@@Z)
SocketAddressFactory.obj : error LNK2019: unresolved external symbol __imp_freeaddrinfo referenced in function "public: static class std::shared_ptr<class SocketAddress> __cdecl SocketAddressFactory::CreateIPv4FromString(class std::basic_string<char,struct std::char_traits<char>,class std::allocator<char> > const &)" (?CreateIPv4FromString@SocketAddressFactory@@SA?AV?$shared_ptr@VSocketAddress@@@std@@AEBV?$basic_string@DU?$char_traits@D@std@@V?$allocator@D@2@@3@@Z)
SocketUtil.obj : error LNK2019: unresolved external symbol __WSAFDIsSet referenced in function "private: static void __cdecl SocketUtil::FillVectorFromSet(class std::vector<class std::shared_ptr<class TCPSocket>,class std::allocator<class std::shared_ptr<class TCPSocket> > > *,class std::vector<class std::shared_ptr<class TCPSocket>,class std::allocator<class std::shared_ptr<class TCPSocket> > > const *,struct fd_set const &)" (?FillVectorFromSet@SocketUtil@@CAXPEAV?$vector@V?$shared_ptr@VTCPSocket@@@std@@V?$allocator@V?$shared_ptr@VTCPSocket@@@std@@@2@@std@@PEBV23@AEBUfd_set@@@Z)
SocketUtil.obj : error LNK2019: unresolved external symbol __imp_select referenced in function "public: static int __cdecl SocketUtil::Select(class std::vector<class std::shared_ptr<class TCPSocket>,class std::allocator<class std::shared_ptr<class TCPSocket> > > const *,class std::vector<class std::shared_ptr<class TCPSocket>,class std::allocator<class std::shared_ptr<class TCPSocket> > > *,class std::vector<class std::shared_ptr<class TCPSocket>,class std::allocator<class std::shared_ptr<class TCPSocket> > > const *,class std::vector<class std::shared_ptr<class TCPSocket>,class std::allocator<class std::shared_ptr<class TCPSocket> > > *,class std::vector<class std::shared_ptr<class TCPSocket>,class std::allocator<class std::shared_ptr<class TCPSocket> > > const *,class std::vector<class std::shared_ptr<class TCPSocket>,class std::allocator<class std::shared_ptr<class TCPSocket> > > *)" (?Select@SocketUtil@@SAHPEBV?$vector@V?$shared_ptr@VTCPSocket@@@std@@V?$allocator@V?$shared_ptr@VTCPSocket@@@std@@@2@@std@@PEAV23@0101@Z)
SocketUtil.obj : error LNK2019: unresolved external symbol __imp_socket referenced in function "public: static class std::shared_ptr<class UDPSocket> __cdecl SocketUtil::CreateUDPSocket(enum SocketAddressFamily)" (?CreateUDPSocket@SocketUtil@@SA?AV?$shared_ptr@VUDPSocket@@@std@@W4SocketAddressFamily@@@Z)
SocketUtil.obj : error LNK2019: unresolved external symbol __imp_WSAStartup referenced in function "public: static bool __cdecl SocketUtil::StaticInit(void)" (?StaticInit@SocketUtil@@SA_NXZ)
SocketUtil.obj : error LNK2019: unresolved external symbol __imp_WSACleanup referenced in function "public: static void __cdecl SocketUtil::CleanUp(void)" (?CleanUp@SocketUtil@@SAXXZ)
SocketUtil.obj : error LNK2019: unresolved external symbol __imp_WSAGetLastError referenced in function "public: static int __cdecl SocketUtil::GetLastError(void)" (?GetLastError@SocketUtil@@SAHXZ)
TCPSocket.obj : error LNK2019: unresolved external symbol __imp_accept referenced in function "public: class std::shared_ptr<class TCPSocket> __cdecl TCPSocket::Accept(class SocketAddress &)" (?Accept@TCPSocket@@QEAA?AV?$shared_ptr@VTCPSocket@@@std@@AEAVSocketAddress@@@Z)
TCPSocket.obj : error LNK2019: unresolved external symbol __imp_bind referenced in function "public: int __cdecl TCPSocket::Bind(class SocketAddress const &)" (?Bind@TCPSocket@@QEAAHAEBVSocketAddress@@@Z)
UDPSocket.obj : error LNK2001: unresolved external symbol __imp_bind
TCPSocket.obj : error LNK2019: unresolved external symbol __imp_closesocket referenced in function "public: __cdecl TCPSocket::~TCPSocket(void)" (??1TCPSocket@@QEAA@XZ)
UDPSocket.obj : error LNK2001: unresolved external symbol __imp_closesocket
TCPSocket.obj : error LNK2019: unresolved external symbol __imp_connect referenced in function "public: int __cdecl TCPSocket::Connect(class SocketAddress const &)" (?Connect@TCPSocket@@QEAAHAEBVSocketAddress@@@Z)
TCPSocket.obj : error LNK2019: unresolved external symbol __imp_listen referenced in function "public: int __cdecl TCPSocket::Listen(int)" (?Listen@TCPSocket@@QEAAHH@Z)
TCPSocket.obj : error LNK2019: unresolved external symbol __imp_recv referenced in function "public: int __cdecl TCPSocket::Receive(void *,unsigned __int64)" (?Receive@TCPSocket@@QEAAHPEAX_K@Z)
TCPSocket.obj : error LNK2019: unresolved external symbol __imp_send referenced in function "public: int __cdecl TCPSocket::Send(void const *,unsigned __int64)" (?Send@TCPSocket@@QEAAHPEBX_K@Z)
UDPSocket.obj : error LNK2019: unresolved external symbol __imp_ioctlsocket referenced in function "public: int __cdecl UDPSocket::SetNonBlockingMode(bool)" (?SetNonBlockingMode@UDPSocket@@QEAAH_N@Z)
UDPSocket.obj : error LNK2019: unresolved external symbol __imp_recvfrom referenced in function "public: int __cdecl UDPSocket::ReceiveFrom(void *,int,class SocketAddress &)" (?ReceiveFrom@UDPSocket@@QEAAHPEAXHAEAVSocketAddress@@@Z)
UDPSocket.obj : error LNK2019: unresolved external symbol __imp_sendto referenced in function "public: int __cdecl UDPSocket::SendTo(void const *,int,class SocketAddress const &)" (?SendTo@UDPSocket@@QEAAHPEBXHAEBVSocketAddress@@@Z)
MSVCRTD.lib(exe_winmain.obj) : error LNK2019: unresolved external symbol WinMain referenced in function "int __cdecl invoke_main(void)" (?invoke_main@@YAHXZ)
C:\Users\Administrator\Desktop\mod\Chapter 8\RoboCatAction\x64\Debug\RoboCat.exe : fatal error LNK1120: 26 unresolved externals
