c:\users\57774\desktop\mod\chapter 8\robocataction\robocat\bin\debug\robocat.pdb
c:\users\57774\desktop\mod\chapter 8\robocataction\robocat\bin\debug\robocat.idb
c:\users\57774\desktop\mod\chapter 8\robocataction\robocat\debug\world.obj
c:\users\57774\desktop\mod\chapter 8\robocataction\robocat\debug\timing.obj
c:\users\57774\desktop\mod\chapter 8\robocataction\robocat\debug\memorybitstream.obj
c:\users\57774\desktop\mod\chapter 8\robocataction\robocat\debug\inputstate.obj
c:\users\57774\desktop\mod\chapter 8\robocataction\robocat\debug\ackrange.obj
c:\users\57774\desktop\mod\chapter 8\robocataction\robocat\debug\yarn.obj
c:\users\57774\desktop\mod\chapter 8\robocataction\robocat\debug\robocat.obj
c:\users\57774\desktop\mod\chapter 8\robocataction\robocat\debug\gameobject.obj
c:\users\57774\desktop\mod\chapter 8\robocataction\robocat\debug\mouse.obj
c:\users\57774\desktop\mod\chapter 8\robocataction\robocat\debug\robocat.pch
c:\users\57774\desktop\mod\chapter 8\robocataction\robocat\debug\robocatpch.obj
c:\users\57774\desktop\mod\chapter 8\robocataction\robocat\debug\tcpsocket.obj
c:\users\57774\desktop\mod\chapter 8\robocataction\robocat\debug\stringutils.obj
c:\users\57774\desktop\mod\chapter 8\robocataction\robocat\debug\socketutil.obj
c:\users\57774\desktop\mod\chapter 8\robocataction\robocat\debug\socketaddressfactory.obj
c:\users\57774\desktop\mod\chapter 8\robocataction\robocat\debug\socketaddress.obj
c:\users\57774\desktop\mod\chapter 8\robocataction\robocat\debug\scoreboardmanager.obj
c:\users\57774\desktop\mod\chapter 8\robocataction\robocat\debug\robomath.obj
c:\users\57774\desktop\mod\chapter 8\robocataction\robocat\debug\networkmanager.obj
c:\users\57774\desktop\mod\chapter 8\robocataction\robocat\debug\movelist.obj
c:\users\57774\desktop\mod\chapter 8\robocataction\robocat\debug\move.obj
c:\users\57774\desktop\mod\chapter 8\robocataction\robocat\debug\inflightpacket.obj
c:\users\57774\desktop\mod\chapter 8\robocataction\robocat\debug\gameobjectregistry.obj
c:\users\57774\desktop\mod\chapter 8\robocataction\robocat\debug\engine.obj
c:\users\57774\desktop\mod\chapter 8\robocataction\robocat\debug\deliverynotificationmanager.obj
c:\users\57774\desktop\mod\chapter 8\robocataction\robocat\debug\udpsocket.obj
c:\users\57774\desktop\mod\chapter 8\robocataction\robocat\bin\debug\robocat.lib
c:\users\57774\desktop\mod\chapter 8\robocataction\robocat\debug\robocat.tlog\cl.command.1.tlog
c:\users\57774\desktop\mod\chapter 8\robocataction\robocat\debug\robocat.tlog\cl.items.tlog
c:\users\57774\desktop\mod\chapter 8\robocataction\robocat\debug\robocat.tlog\cl.read.1.tlog
c:\users\57774\desktop\mod\chapter 8\robocataction\robocat\debug\robocat.tlog\cl.write.1.tlog
c:\users\57774\desktop\mod\chapter 8\robocataction\robocat\debug\robocat.tlog\lib-link.read.1.tlog
c:\users\57774\desktop\mod\chapter 8\robocataction\robocat\debug\robocat.tlog\lib-link.write.1.tlog
c:\users\57774\desktop\mod\chapter 8\robocataction\robocat\debug\robocat.tlog\lib.command.1.tlog
