  RoboCatServerPCH.cpp
  YarnServer.cpp
  ClientProxy.cpp
  ReplicationManagerServer.cpp
  ReplicationManagerTransmissionData.cpp
  Server.cpp
  ServerMain.cpp
  NetworkManagerServer.cpp
  RoboCatServer.cpp
  MouseServer.cpp
  Generating Code...
  RoboCatServer.vcxproj -> C:\Users\57774\Desktop\mod\GameSer\GameServer\Debug\RoboCatServer.exe
  Copying SDL DLLs...
  C:\Users\57774\Desktop\mod\GameSer\GameServer\RoboCatServer\\..\SDL\lib\win\x86\libfreetype-6.dll
  C:\Users\57774\Desktop\mod\GameSer\GameServer\RoboCatServer\\..\SDL\lib\win\x86\libogg-0.dll
  C:\Users\57774\Desktop\mod\GameSer\GameServer\RoboCatServer\\..\SDL\lib\win\x86\libpng16-16.dll
  C:\Users\57774\Desktop\mod\GameSer\GameServer\RoboCatServer\\..\SDL\lib\win\x86\libvorbis-0.dll
  C:\Users\57774\Desktop\mod\GameSer\GameServer\RoboCatServer\\..\SDL\lib\win\x86\libvorbisfile-3.dll
  C:\Users\57774\Desktop\mod\GameSer\GameServer\RoboCatServer\\..\SDL\lib\win\x86\SDL2.dll
  C:\Users\57774\Desktop\mod\GameSer\GameServer\RoboCatServer\\..\SDL\lib\win\x86\SDL2_image.dll
  C:\Users\57774\Desktop\mod\GameSer\GameServer\RoboCatServer\\..\SDL\lib\win\x86\SDL2_mixer.dll
  C:\Users\57774\Desktop\mod\GameSer\GameServer\RoboCatServer\\..\SDL\lib\win\x86\SDL2_ttf.dll
  C:\Users\57774\Desktop\mod\GameSer\GameServer\RoboCatServer\\..\SDL\lib\win\x86\zlib1.dll
  复制了 10 个文件
