c:\users\57774\desktop\mod\chapter 8\robocataction\robocatserver\debug\robocatserver.pch
c:\users\57774\desktop\mod\chapter 8\robocataction\robocatserver\debug\vc143.pdb
c:\users\57774\desktop\mod\chapter 8\robocataction\robocatserver\debug\vc143.idb
c:\users\57774\desktop\mod\chapter 8\robocataction\robocatserver\debug\robocatserverpch.obj
c:\users\57774\desktop\mod\chapter 8\robocataction\robocatserver\debug\yarnserver.obj
c:\users\57774\desktop\mod\chapter 8\robocataction\robocatserver\debug\servermain.obj
c:\users\57774\desktop\mod\chapter 8\robocataction\robocatserver\debug\server.obj
c:\users\57774\desktop\mod\chapter 8\robocataction\robocatserver\debug\robocatserver.obj
c:\users\57774\desktop\mod\chapter 8\robocataction\robocatserver\debug\replicationmanagertransmissiondata.obj
c:\users\57774\desktop\mod\chapter 8\robocataction\robocatserver\debug\replicationmanagerserver.obj
c:\users\57774\desktop\mod\chapter 8\robocataction\robocatserver\debug\networkmanagerserver.obj
c:\users\57774\desktop\mod\chapter 8\robocataction\robocatserver\debug\mouseserver.obj
c:\users\57774\desktop\mod\chapter 8\robocataction\robocatserver\debug\clientproxy.obj
c:\users\57774\desktop\mod\chapter 8\robocataction\debug\robocatserver.exe
c:\users\57774\desktop\mod\chapter 8\robocataction\robocatserver\debug\robocatserver.ilk
c:\users\57774\desktop\mod\chapter 8\robocataction\debug\robocatserver.pdb
c:\users\57774\desktop\mod\chapter 8\robocataction\robocatserver\debug\robocatserver.tlog\cl.command.1.tlog
c:\users\57774\desktop\mod\chapter 8\robocataction\robocatserver\debug\robocatserver.tlog\cl.items.tlog
c:\users\57774\desktop\mod\chapter 8\robocataction\robocatserver\debug\robocatserver.tlog\cl.read.1.tlog
c:\users\57774\desktop\mod\chapter 8\robocataction\robocatserver\debug\robocatserver.tlog\cl.write.1.tlog
c:\users\57774\desktop\mod\chapter 8\robocataction\robocatserver\debug\robocatserver.tlog\link.command.1.tlog
c:\users\57774\desktop\mod\chapter 8\robocataction\robocatserver\debug\robocatserver.tlog\link.read.1.tlog
c:\users\57774\desktop\mod\chapter 8\robocataction\robocatserver\debug\robocatserver.tlog\link.write.1.tlog
